
❄️   Snowpark Simulation — Pakistani Ecommerce Analytics
───────────────────────────────────────────────────────
  [SESSION] Snowpark session created (local SQLite simulation)

── DataFrame Basic Operations ──
  ORDERS shape: (2000, 9)
  Schema:
O_ORDERKEY           int64
O_CUSTKEY            int64
O_ORDERSTATUS       object
O_TOTALPRICE       float64
O_ORDERDATE         object
O_ORDERPRIORITY     object
O_CLERK             object
O_SHIPPRIORITY       int64
O_COMMENT           object

  Fulfilled orders: 684

  Selected columns sample:
 ORDER_ID  TOTAL_PKR ORDER_DATE        PRIORITY
        1  133787.34 2023-04-16 5-NOT SPECIFIED
        2  710992.82 2023-11-16          2-HIGH
        3   99750.32 2023-10-11 5-NOT SPECIFIED

  Orders by Priority:
O_ORDERPRIORITY  AVG_TOTAL_PKR  ORDER_COUNT
       3-MEDIUM   1.010607e+06          382
5-NOT SPECIFIED   9.843755e+05          390
       1-URGENT   9.768524e+05          374
          4-LOW   9.611718e+05          436
         2-HIGH   9.002010e+05          418

── Snowpark UDF Demo ──
 L_ORDERKEY  L_EXTENDEDPRICE  NET_AMOUNT_PKR ORDER_SIZE
          1        141573.90       133787.34      Large
          2        700755.04       686739.94 Enterprise
          2         24747.84        24252.88     Medium
          3         18944.85        19494.25     Medium
          3         71443.97        63763.74      Large

── Stored Procedure: load_daily_summary('2023-05-13') ──
  [WRITE] 8 rows → SPROC_DAILY_SUMMARY
  SPROC result: SUCCESS: 8 rows loaded for 2023-05-13

── Machine Learning: Provincial Sales Forecast ──
  Model: LinearRegression  R²=0.8841
  Provinces encoded: {'Balochistan': 0, 'ICT': 1, 'KPK': 2, 'Punjab': 3, 'Sindh': 4}
  [WRITE] 125 rows → ML_SALES_FORECAST
 YEAR  MONTH  S_PROVINCE  REVENUE_PKR  PREDICTED_PKR
 2023      1 Balochistan 4.489821e+06   4.366518e+06
 2023      1         ICT 8.423724e+05   8.018250e+05
 2023      1         KPK 3.669509e+06   2.784443e+06
 2023      1      Punjab 2.283729e+07   2.177881e+07
 2023      1       Sindh 3.559040e+06   4.530755e+06

✅  Snowpark demo complete.
